<?xml version="1.0" encoding="UTF-8"?>
<testng-results skipped="0" failed="0" ignored="0" total="5" passed="5">
  <reporter-output>
  </reporter-output>
  <suite name="CRM Test automtion regression suite" duration-ms="46785" started-at="2021-01-23T17:32:50 GMT" finished-at="2021-01-23T17:33:37 GMT">
    <groups>
    </groups>
    <test name="HubSpot Feature Testing - Contacts Page - chrome" duration-ms="46785" started-at="2021-01-23T17:32:50 GMT" finished-at="2021-01-23T17:33:37 GMT">
      <class name="com.qa.crmpro.tests.ContactsPageTest">
        <test-method status="PASS" signature="setUp()[pri:0, instance:com.qa.crmpro.tests.ContactsPageTest@45394b31]" name="setUp" is-config="true" duration-ms="8905" started-at="2021-01-23T17:32:50 GMT" finished-at="2021-01-23T17:32:59 GMT">
          <reporter-output>
          </reporter-output>
        </test-method> <!-- setUp -->
        <test-method status="PASS" signature="createNewContactTest(java.lang.String, java.lang.String, java.lang.String, java.lang.String)[pri:0, instance:com.qa.crmpro.tests.ContactsPageTest@45394b31]" name="createNewContactTest" duration-ms="7070" started-at="2021-01-23T17:32:59 GMT" data-provider="getContactsTestData" finished-at="2021-01-23T17:33:06 GMT">
          <params>
            <param index="0">
              <value>
                <![CDATA[Mr.]]>
              </value>
            </param>
            <param index="1">
              <value>
                <![CDATA[Lol]]>
              </value>
            </param>
            <param index="2">
              <value>
                <![CDATA[sam]]>
              </value>
            </param>
            <param index="3">
              <value>
                <![CDATA[Kid]]>
              </value>
            </param>
          </params>
          <reporter-output>
          </reporter-output>
        </test-method> <!-- createNewContactTest -->
        <test-method status="PASS" signature="createNewContactTest(java.lang.String, java.lang.String, java.lang.String, java.lang.String)[pri:0, instance:com.qa.crmpro.tests.ContactsPageTest@45394b31]" name="createNewContactTest" duration-ms="7905" started-at="2021-01-23T17:33:07 GMT" data-provider="getContactsTestData" finished-at="2021-01-23T17:33:14 GMT">
          <params>
            <param index="0">
              <value>
                <![CDATA[Mrs.]]>
              </value>
            </param>
            <param index="1">
              <value>
                <![CDATA[Bro]]>
              </value>
            </param>
            <param index="2">
              <value>
                <![CDATA[poo]]>
              </value>
            </param>
            <param index="3">
              <value>
                <![CDATA[Google]]>
              </value>
            </param>
          </params>
          <reporter-output>
          </reporter-output>
        </test-method> <!-- createNewContactTest -->
        <test-method status="PASS" signature="createNewContactTest(java.lang.String, java.lang.String, java.lang.String, java.lang.String)[pri:0, instance:com.qa.crmpro.tests.ContactsPageTest@45394b31]" name="createNewContactTest" duration-ms="7992" started-at="2021-01-23T17:33:14 GMT" data-provider="getContactsTestData" finished-at="2021-01-23T17:33:22 GMT">
          <params>
            <param index="0">
              <value>
                <![CDATA[Mr.]]>
              </value>
            </param>
            <param index="1">
              <value>
                <![CDATA[Hi]]>
              </value>
            </param>
            <param index="2">
              <value>
                <![CDATA[fish]]>
              </value>
            </param>
            <param index="3">
              <value>
                <![CDATA[Git]]>
              </value>
            </param>
          </params>
          <reporter-output>
          </reporter-output>
        </test-method> <!-- createNewContactTest -->
        <test-method status="PASS" signature="createNewContactTest(java.lang.String, java.lang.String, java.lang.String, java.lang.String)[pri:0, instance:com.qa.crmpro.tests.ContactsPageTest@45394b31]" name="createNewContactTest" duration-ms="6859" started-at="2021-01-23T17:33:22 GMT" data-provider="getContactsTestData" finished-at="2021-01-23T17:33:29 GMT">
          <params>
            <param index="0">
              <value>
                <![CDATA[Mrs.]]>
              </value>
            </param>
            <param index="1">
              <value>
                <![CDATA[Kid]]>
              </value>
            </param>
            <param index="2">
              <value>
                <![CDATA[bits]]>
              </value>
            </param>
            <param index="3">
              <value>
                <![CDATA[yoyo]]>
              </value>
            </param>
          </params>
          <reporter-output>
          </reporter-output>
        </test-method> <!-- createNewContactTest -->
        <test-method status="PASS" signature="createNewContactTest(java.lang.String, java.lang.String, java.lang.String, java.lang.String)[pri:0, instance:com.qa.crmpro.tests.ContactsPageTest@45394b31]" name="createNewContactTest" duration-ms="7091" started-at="2021-01-23T17:33:29 GMT" data-provider="getContactsTestData" finished-at="2021-01-23T17:33:36 GMT">
          <params>
            <param index="0">
              <value>
                <![CDATA[Mr.]]>
              </value>
            </param>
            <param index="1">
              <value>
                <![CDATA[Idot]]>
              </value>
            </param>
            <param index="2">
              <value>
                <![CDATA[mouse]]>
              </value>
            </param>
            <param index="3">
              <value>
                <![CDATA[apple]]>
              </value>
            </param>
          </params>
          <reporter-output>
          </reporter-output>
        </test-method> <!-- createNewContactTest -->
        <test-method status="PASS" signature="tearDown()[pri:0, instance:com.qa.crmpro.tests.ContactsPageTest@45394b31]" name="tearDown" is-config="true" duration-ms="109" started-at="2021-01-23T17:33:36 GMT" finished-at="2021-01-23T17:33:37 GMT">
          <reporter-output>
          </reporter-output>
        </test-method> <!-- tearDown -->
      </class> <!-- com.qa.crmpro.tests.ContactsPageTest -->
    </test> <!-- HubSpot Feature Testing - Contacts Page - chrome -->
  </suite> <!-- CRM Test automtion regression suite -->
</testng-results>
