<?xml version="1.0" encoding="UTF-8"?>
<!-- Generated by org.testng.reporters.JUnitXMLReporter -->
<testsuite hostname="MacBook-Pro" ignored="0" name="HubSpot Feature Testing - Contacts Page - chrome" tests="5" failures="0" timestamp="2021-01-23T17:33:37 GMT" time="46.785" errors="0">
  <testcase name="createNewContactTest" time="7.07" classname="com.qa.crmpro.tests.ContactsPageTest"/>
  <testcase name="createNewContactTest" time="7.905" classname="com.qa.crmpro.tests.ContactsPageTest"/>
  <testcase name="createNewContactTest" time="7.992" classname="com.qa.crmpro.tests.ContactsPageTest"/>
  <testcase name="createNewContactTest" time="6.859" classname="com.qa.crmpro.tests.ContactsPageTest"/>
  <testcase name="createNewContactTest" time="7.091" classname="com.qa.crmpro.tests.ContactsPageTest"/>
</testsuite> <!-- HubSpot Feature Testing - Contacts Page - chrome -->
